[21:51:06.108 Verbose] - BuildManager - C:\Users\Ivo\.nuget\packages\microsoft.web.librarymanager.build\2.1.113\build\Microsoft.Web.LibraryManager.Build.targets(40,13): error MSB4028: The "Microsoft.Web.LibraryManager.Build.RestoreTask" task's outputs could not be retrieved from the "FilesWritten" parameter. Could not load file or assembly 'System.Collections.Immutable, Version=5.0.0.0, Culture=neutral, PublicKeyToken=b03f5f7f11d50a3a' or one of its dependencies. The system cannot find the file specified.
[21:51:06.109 Verbose] - BuildManager - Some of the file paths defined in the csproj under the Live Unit Testing build path are missing. Verify whether these files should be present under the Live Unit Testing build path and if necessary update the csproj definition to look these files up in a different place.
[21:51:06.109 Verbose] - BuildManager - Item _OutputPathItem 'C:\Users\Ivo\Desktop\VERI IMPROTA STUF\Properties4Sale\Properties4Sale\.vs\Properties4Sale\v16\lut\0\b\Web\Properties4Sale.Web\bin\Debug\net5.0\' evaluated via:
_OutputPathItem: '$(OutDir)' @ C:\Program Files (x86)\Microsoft Visual Studio\2019\Enterprise\MSBuild\Current\Bin\Microsoft.Common.CurrentVersion.targets:275
  OutDir: 'C:\Users\Ivo\Desktop\VERI IMPROTA STUF\Properties4Sale\Properties4Sale\.vs\Properties4Sale\v16\lut\0\b\Web\Properties4Sale.Web\bin\Debug\net5.0\' @ C:\Users\Ivo\Desktop\VERI IMPROTA STUF\Properties4Sale\Properties4Sale\Web\Properties4Sale.Web\Properties4Sale.Web.csproj:0
[21:51:06.110 Verbose] - BuildManager - Item AppConfigFileDestination 'C:\Users\Ivo\Desktop\VERI IMPROTA STUF\Properties4Sale\Properties4Sale\.vs\Properties4Sale\v16\lut\0\b\Web\Properties4Sale.Web\bin\Debug\net5.0\Properties4Sale.Web.dll.config' evaluated via:
AppConfigFileDestination: '$(OutDir)$(TargetFileName).config' @ C:\Program Files (x86)\Microsoft Visual Studio\2019\Enterprise\MSBuild\Current\Bin\Microsoft.Common.CurrentVersion.targets:306
  OutDir: 'C:\Users\Ivo\Desktop\VERI IMPROTA STUF\Properties4Sale\Properties4Sale\.vs\Properties4Sale\v16\lut\0\b\Web\Properties4Sale.Web\bin\Debug\net5.0\' @ C:\Users\Ivo\Desktop\VERI IMPROTA STUF\Properties4Sale\Properties4Sale\Web\Properties4Sale.Web\Properties4Sale.Web.csproj:0
  TargetFileName: '$(TargetName)$(TargetExt)' @ C:\Program Files (x86)\Microsoft Visual Studio\2019\Enterprise\MSBuild\Current\Bin\Microsoft.Common.CurrentVersion.targets:213
    TargetName: '$(AssemblyName)' @ C:\Program Files (x86)\Microsoft Visual Studio\2019\Enterprise\MSBuild\Current\Bin\Microsoft.Common.CurrentVersion.targets:205
      AssemblyName: '$(MSBuildProjectName)' @ C:\Program Files\dotnet\sdk\5.0.100\Sdks\Microsoft.NET.Sdk\targets\Microsoft.NET.Sdk.props:32
        MSBuildProjectName: 'Properties4Sale.Web'
    TargetExt: '.dll' @ C:\Program Files\dotnet\sdk\5.0.100\Sdks\Microsoft.NET.Sdk\targets\Microsoft.NET.Sdk.BeforeCommon.targets:98
[21:51:06.110 Verbose] - BuildManager - Item CreateDirectory 'C:\Users\Ivo\Desktop\VERI IMPROTA STUF\Properties4Sale\Properties4Sale\.vs\Properties4Sale\v16\lut\0\b\Web\Properties4Sale.Web\bin\Debug\net5.0\ref' evaluated via:
CreateDirectory: '$(OutDir)ref' @ C:\Program Files (x86)\Microsoft Visual Studio\2019\Enterprise\MSBuild\Current\Bin\Microsoft.Common.CurrentVersion.targets:369
  OutDir: 'C:\Users\Ivo\Desktop\VERI IMPROTA STUF\Properties4Sale\Properties4Sale\.vs\Properties4Sale\v16\lut\0\b\Web\Properties4Sale.Web\bin\Debug\net5.0\' @ C:\Users\Ivo\Desktop\VERI IMPROTA STUF\Properties4Sale\Properties4Sale\Web\Properties4Sale.Web\Properties4Sale.Web.csproj:0
[21:51:06.110 Verbose] - BuildManager - Item _DebugSymbolsOutputPath 'C:\Users\Ivo\Desktop\VERI IMPROTA STUF\Properties4Sale\Properties4Sale\.vs\Properties4Sale\v16\lut\0\b\Web\Properties4Sale.Web\bin\Debug\net5.0\Properties4Sale.Web.pdb' evaluated via:
_DebugSymbolsOutputPath: '@(_DebugSymbolsIntermediatePath->'$(OutDir)%(Filename)%(Extension)')' @ C:\Program Files (x86)\Microsoft Visual Studio\2019\Enterprise\MSBuild\Current\Bin\Microsoft.Common.CurrentVersion.targets:375
  OutDir: 'C:\Users\Ivo\Desktop\VERI IMPROTA STUF\Properties4Sale\Properties4Sale\.vs\Properties4Sale\v16\lut\0\b\Web\Properties4Sale.Web\bin\Debug\net5.0\' @ C:\Users\Ivo\Desktop\VERI IMPROTA STUF\Properties4Sale\Properties4Sale\Web\Properties4Sale.Web\Properties4Sale.Web.csproj:0
[21:51:06.110 Verbose] - BuildManager - Item _ApplicationManifestFinal 'C:\Users\Ivo\Desktop\VERI IMPROTA STUF\Properties4Sale\Properties4Sale\.vs\Properties4Sale\v16\lut\0\b\Web\Properties4Sale.Web\bin\Debug\net5.0\Properties4Sale.Web.dll.manifest' evaluated via:
_ApplicationManifestFinal: '$(OutDir)$(_DeploymentTargetApplicationManifestFileName)' @ C:\Program Files (x86)\Microsoft Visual Studio\2019\Enterprise\MSBuild\Current\Bin\Microsoft.Common.CurrentVersion.targets:413
  OutDir: 'C:\Users\Ivo\Desktop\VERI IMPROTA STUF\Properties4Sale\Properties4Sale\.vs\Properties4Sale\v16\lut\0\b\Web\Properties4Sale.Web\bin\Debug\net5.0\' @ C:\Users\Ivo\Desktop\VERI IMPROTA STUF\Properties4Sale\Properties4Sale\Web\Properties4Sale.Web\Properties4Sale.Web.csproj:0
  _DeploymentTargetApplicationManifestFileName: '$(TargetFileName).manifest' @ C:\Program Files (x86)\Microsoft Visual Studio\2019\Enterprise\MSBuild\Current\Bin\Microsoft.Common.CurrentVersion.targets:233
    TargetFileName: '$(TargetName)$(TargetExt)' @ C:\Program Files (x86)\Microsoft Visual Studio\2019\Enterprise\MSBuild\Current\Bin\Microsoft.Common.CurrentVersion.targets:213
      TargetName: '$(AssemblyName)' @ C:\Program Files (x86)\Microsoft Visual Studio\2019\Enterprise\MSBuild\Current\Bin\Microsoft.Common.CurrentVersion.targets:205
        AssemblyName: '$(MSBuildProjectName)' @ C:\Program Files\dotnet\sdk\5.0.100\Sdks\Microsoft.NET.Sdk\targets\Microsoft.NET.Sdk.props:32
          MSBuildProjectName: 'Properties4Sale.Web'
      TargetExt: '.dll' @ C:\Program Files\dotnet\sdk\5.0.100\Sdks\Microsoft.NET.Sdk\targets\Microsoft.NET.Sdk.BeforeCommon.targets:98
